0 verbose cli /home/lucaspian/.nvm/versions/node/v16.17.0/bin/node /home/lucaspian/.nvm/versions/node/v16.17.0/bin/npm
1 info using npm@8.19.2
2 info using node@v16.17.0
3 timing npm:load:whichnode Completed in 0ms
4 timing config:load:defaults Completed in 1ms
5 timing config:load:file:/home/lucaspian/.nvm/versions/node/v16.17.0/lib/node_modules/npm/npmrc Completed in 2ms
6 timing config:load:builtin Completed in 2ms
7 timing config:load:cli Completed in 1ms
8 timing config:load:env Completed in 1ms
9 timing config:load:file:/mnt/c/Users/Lucaspian228/.npmrc Completed in 4ms
10 timing config:load:project Completed in 12ms
11 timing config:load:file:/home/lucaspian/.npmrc Completed in 0ms
12 timing config:load:user Completed in 0ms
13 timing config:load:file:/mnt/c/Users/Lucaspian228/a01-Lucaspian/C:\node\node_global/etc/npmrc Completed in 1ms
14 timing config:load:global Completed in 1ms
15 timing config:load:validate Completed in 0ms
16 timing config:load:credentials Completed in 2ms
17 timing config:load:setEnvs Completed in 0ms
18 timing config:load Completed in 20ms
19 timing npm:load:configload Completed in 20ms
20 timing npm:load:mkdirpcache Completed in 6ms
21 timing npm:load:mkdirplogs Completed in 7ms
22 verbose title npm init
23 verbose argv "init"
24 timing npm:load:setTitle Completed in 1ms
25 timing config:load:flatten Completed in 2ms
26 timing npm:load:display Completed in 3ms
27 verbose logfile logs-max:10 dir:/mnt/c/Users/Lucaspian228/a01-Lucaspian/C:\node\node_cache/_logs
28 verbose logfile /mnt/c/Users/Lucaspian228/a01-Lucaspian/C:\node\node_cache/_logs/2022-12-03T22_36_53_529Z-debug-0.log
29 timing npm:load:logFile Completed in 20ms
30 timing npm:load:timers Completed in 0ms
31 timing npm:load:configScope Completed in 0ms
32 timing npm:load Completed in 59ms
33 silly logfile done cleaning log files
34 http fetch GET 200 https://registry.npmjs.org/npm 518ms (cache miss)
35 timing npm Completed in 295201ms
36 verbose unfinished npm timer command:init 1670107013716
37 info ok
38 error Exit handler never called!
39 error This is an error with npm itself. Please report this error at:
40 error     <https://github.com/npm/cli/issues>
41 error A complete log of this run can be found in:
41 error     /mnt/c/Users/Lucaspian228/a01-Lucaspian/C:\node\node_cache/_logs/2022-12-03T22_36_53_529Z-debug-0.log
